-------------------------------------------------------------------------------
Test set: com.example.springbootdocker.SpringbootDockerApplicationTests
-------------------------------------------------------------------------------
Tests run: 1, Failures: 0, Errors: 1, Skipped: 0, Time elapsed: 5.371 s <<< FAILURE! - in com.example.springbootdocker.SpringbootDockerApplicationTests
contextLoads(com.example.springbootdocker.SpringbootDockerApplicationTests)  Time elapsed: 0.002 s  <<< ERROR!
java.lang.IllegalStateException: Failed to load ApplicationContext
Caused by: org.springframework.beans.factory.UnsatisfiedDependencyException: 
Error creating bean with name 'personOperation': Unsatisfied dependency expressed through field 'personRepository'; nested exception is org.springframework.beans.factory.BeanCreationException: Error creating bean with name 'personRepository': Cannot create inner bean '(inner bean)#103c998' of type [org.springframework.orm.jpa.SharedEntityManagerCreator] while setting bean property 'entityManager'; nested exception is org.springframework.beans.factory.BeanCreationException: Error creating bean with name '(inner bean)#103c998': Cannot resolve reference to bean 'entityManagerFactory' while setting constructor argument; nested exception is org.springframework.beans.factory.BeanCreationException: Error creating bean with name 'entityManagerFactory': Post-processing of FactoryBean's singleton object failed; nested exception is org.springframework.jdbc.datasource.init.ScriptStatementFailedException: Failed to execute SQL script statement #1 of URL [file:/C:/Users/xenia/Documents/Facultate/An%20III/Semestrul%20I/Arhitectura%20orientata%20pe%20sercivii/springboot-docker/target/classes/data.sql]: create table person(id primary key long, nume varchar(25), prenume varchar(25)) insert into person values (1,"Popescu","Andrei"), (2,"Lungu","Daniel"); nested exception is org.h2.jdbc.JdbcSQLException: Unknown data type: "PRIMARY"; SQL statement:
create table person(id primary key long, nume varchar(25), prenume varchar(25)) insert into person values (1,"Popescu","Andrei"), (2,"Lungu","Daniel") [50004-197]
Caused by: org.springframework.beans.factory.BeanCreationException: 
Error creating bean with name 'personRepository': Cannot create inner bean '(inner bean)#103c998' of type [org.springframework.orm.jpa.SharedEntityManagerCreator] while setting bean property 'entityManager'; nested exception is org.springframework.beans.factory.BeanCreationException: Error creating bean with name '(inner bean)#103c998': Cannot resolve reference to bean 'entityManagerFactory' while setting constructor argument; nested exception is org.springframework.beans.factory.BeanCreationException: Error creating bean with name 'entityManagerFactory': Post-processing of FactoryBean's singleton object failed; nested exception is org.springframework.jdbc.datasource.init.ScriptStatementFailedException: Failed to execute SQL script statement #1 of URL [file:/C:/Users/xenia/Documents/Facultate/An%20III/Semestrul%20I/Arhitectura%20orientata%20pe%20sercivii/springboot-docker/target/classes/data.sql]: create table person(id primary key long, nume varchar(25), prenume varchar(25)) insert into person values (1,"Popescu","Andrei"), (2,"Lungu","Daniel"); nested exception is org.h2.jdbc.JdbcSQLException: Unknown data type: "PRIMARY"; SQL statement:
create table person(id primary key long, nume varchar(25), prenume varchar(25)) insert into person values (1,"Popescu","Andrei"), (2,"Lungu","Daniel") [50004-197]
Caused by: org.springframework.beans.factory.BeanCreationException: 
Error creating bean with name '(inner bean)#103c998': Cannot resolve reference to bean 'entityManagerFactory' while setting constructor argument; nested exception is org.springframework.beans.factory.BeanCreationException: Error creating bean with name 'entityManagerFactory': Post-processing of FactoryBean's singleton object failed; nested exception is org.springframework.jdbc.datasource.init.ScriptStatementFailedException: Failed to execute SQL script statement #1 of URL [file:/C:/Users/xenia/Documents/Facultate/An%20III/Semestrul%20I/Arhitectura%20orientata%20pe%20sercivii/springboot-docker/target/classes/data.sql]: create table person(id primary key long, nume varchar(25), prenume varchar(25)) insert into person values (1,"Popescu","Andrei"), (2,"Lungu","Daniel"); nested exception is org.h2.jdbc.JdbcSQLException: Unknown data type: "PRIMARY"; SQL statement:
create table person(id primary key long, nume varchar(25), prenume varchar(25)) insert into person values (1,"Popescu","Andrei"), (2,"Lungu","Daniel") [50004-197]
Caused by: org.springframework.beans.factory.BeanCreationException: 
Error creating bean with name 'entityManagerFactory': Post-processing of FactoryBean's singleton object failed; nested exception is org.springframework.jdbc.datasource.init.ScriptStatementFailedException: Failed to execute SQL script statement #1 of URL [file:/C:/Users/xenia/Documents/Facultate/An%20III/Semestrul%20I/Arhitectura%20orientata%20pe%20sercivii/springboot-docker/target/classes/data.sql]: create table person(id primary key long, nume varchar(25), prenume varchar(25)) insert into person values (1,"Popescu","Andrei"), (2,"Lungu","Daniel"); nested exception is org.h2.jdbc.JdbcSQLException: Unknown data type: "PRIMARY"; SQL statement:
create table person(id primary key long, nume varchar(25), prenume varchar(25)) insert into person values (1,"Popescu","Andrei"), (2,"Lungu","Daniel") [50004-197]
Caused by: org.springframework.jdbc.datasource.init.ScriptStatementFailedException: 
Failed to execute SQL script statement #1 of URL [file:/C:/Users/xenia/Documents/Facultate/An%20III/Semestrul%20I/Arhitectura%20orientata%20pe%20sercivii/springboot-docker/target/classes/data.sql]: create table person(id primary key long, nume varchar(25), prenume varchar(25)) insert into person values (1,"Popescu","Andrei"), (2,"Lungu","Daniel"); nested exception is org.h2.jdbc.JdbcSQLException: Unknown data type: "PRIMARY"; SQL statement:
create table person(id primary key long, nume varchar(25), prenume varchar(25)) insert into person values (1,"Popescu","Andrei"), (2,"Lungu","Daniel") [50004-197]
Caused by: org.h2.jdbc.JdbcSQLException: 
Unknown data type: "PRIMARY"; SQL statement:
create table person(id primary key long, nume varchar(25), prenume varchar(25)) insert into person values (1,"Popescu","Andrei"), (2,"Lungu","Daniel") [50004-197]

